2022/09/14 17:56:21 [error] [exception.CDbException] CDbException: CDbConnection failed to open the DB connection: could not find driver in /opt/lampp/htdocs/yii/framework/db/CDbConnection.php:399
Stack trace:
#0 /opt/lampp/htdocs/yii/framework/db/CDbConnection.php(347): CDbConnection->open()
#1 /opt/lampp/htdocs/yii/framework/db/CDbConnection.php(325): CDbConnection->setActive()
#2 /opt/lampp/htdocs/yii/framework/base/CModule.php(394): CDbConnection->init()
#3 /opt/lampp/htdocs/yii/framework/cli/commands/MigrateCommand.php(472): CModule->getComponent()
#4 /opt/lampp/htdocs/yii/framework/cli/commands/MigrateCommand.php(481): MigrateCommand->getDbConnection()
#5 /opt/lampp/htdocs/yii/framework/cli/commands/MigrateCommand.php(512): MigrateCommand->getMigrationHistory()
#6 /opt/lampp/htdocs/yii/framework/cli/commands/MigrateCommand.php(84): MigrateCommand->getNewMigrations()
#7 [internal function]: MigrateCommand->actionUp()
#8 /opt/lampp/htdocs/yii/framework/console/CConsoleCommand.php(178): ReflectionMethod->invokeArgs()
#9 /opt/lampp/htdocs/yii/framework/console/CConsoleCommandRunner.php(71): CConsoleCommand->run()
#10 /opt/lampp/htdocs/yii/framework/console/CConsoleApplication.php(92): CConsoleCommandRunner->run()
#11 /opt/lampp/htdocs/yii/framework/base/CApplication.php(185): CConsoleApplication->processRequest()
#12 /opt/lampp/htdocs/yii/framework/yiic.php(33): CApplication->run()
#13 /opt/lampp/htdocs/yii/Products/protected/yiic.php(7): require_once('/opt/lampp/htdo...')
#14 /opt/lampp/htdocs/yii/Products/protected/yiic(4): require_once('/opt/lampp/htdo...')
#15 {main}
---
2022/09/14 18:00:19 [error] [exception.CDbException] CDbException: CDbConnection failed to open the DB connection: could not find driver in /opt/lampp/htdocs/yii/framework/db/CDbConnection.php:399
Stack trace:
#0 /opt/lampp/htdocs/yii/framework/db/CDbConnection.php(347): CDbConnection->open()
#1 /opt/lampp/htdocs/yii/framework/db/CDbConnection.php(325): CDbConnection->setActive()
#2 /opt/lampp/htdocs/yii/framework/base/CModule.php(394): CDbConnection->init()
#3 /opt/lampp/htdocs/yii/framework/cli/commands/MigrateCommand.php(472): CModule->getComponent()
#4 /opt/lampp/htdocs/yii/framework/cli/commands/MigrateCommand.php(481): MigrateCommand->getDbConnection()
#5 /opt/lampp/htdocs/yii/framework/cli/commands/MigrateCommand.php(512): MigrateCommand->getMigrationHistory()
#6 /opt/lampp/htdocs/yii/framework/cli/commands/MigrateCommand.php(84): MigrateCommand->getNewMigrations()
#7 [internal function]: MigrateCommand->actionUp()
#8 /opt/lampp/htdocs/yii/framework/console/CConsoleCommand.php(178): ReflectionMethod->invokeArgs()
#9 /opt/lampp/htdocs/yii/framework/console/CConsoleCommandRunner.php(71): CConsoleCommand->run()
#10 /opt/lampp/htdocs/yii/framework/console/CConsoleApplication.php(92): CConsoleCommandRunner->run()
#11 /opt/lampp/htdocs/yii/framework/base/CApplication.php(185): CConsoleApplication->processRequest()
#12 /opt/lampp/htdocs/yii/framework/yiic.php(33): CApplication->run()
#13 /opt/lampp/htdocs/yii/Products/protected/yiic.php(7): require_once('/opt/lampp/htdo...')
#14 /opt/lampp/htdocs/yii/Products/protected/yiic(4): require_once('/opt/lampp/htdo...')
#15 {main}
---
2022/09/14 18:01:52 [error] [exception.CDbException] CDbException: CDbConnection failed to open the DB connection: could not find driver in /opt/lampp/htdocs/yii/framework/db/CDbConnection.php:399
Stack trace:
#0 /opt/lampp/htdocs/yii/framework/db/CDbConnection.php(347): CDbConnection->open()
#1 /opt/lampp/htdocs/yii/framework/db/CDbConnection.php(325): CDbConnection->setActive()
#2 /opt/lampp/htdocs/yii/framework/base/CModule.php(394): CDbConnection->init()
#3 /opt/lampp/htdocs/yii/framework/cli/commands/MigrateCommand.php(472): CModule->getComponent()
#4 /opt/lampp/htdocs/yii/framework/cli/commands/MigrateCommand.php(481): MigrateCommand->getDbConnection()
#5 /opt/lampp/htdocs/yii/framework/cli/commands/MigrateCommand.php(512): MigrateCommand->getMigrationHistory()
#6 /opt/lampp/htdocs/yii/framework/cli/commands/MigrateCommand.php(84): MigrateCommand->getNewMigrations()
#7 [internal function]: MigrateCommand->actionUp()
#8 /opt/lampp/htdocs/yii/framework/console/CConsoleCommand.php(178): ReflectionMethod->invokeArgs()
#9 /opt/lampp/htdocs/yii/framework/console/CConsoleCommandRunner.php(71): CConsoleCommand->run()
#10 /opt/lampp/htdocs/yii/framework/console/CConsoleApplication.php(92): CConsoleCommandRunner->run()
#11 /opt/lampp/htdocs/yii/framework/base/CApplication.php(185): CConsoleApplication->processRequest()
#12 /opt/lampp/htdocs/yii/framework/yiic.php(33): CApplication->run()
#13 /opt/lampp/htdocs/yii/Products/protected/yiic.php(7): require_once('/opt/lampp/htdo...')
#14 /opt/lampp/htdocs/yii/Products/protected/yiic(4): require_once('/opt/lampp/htdo...')
#15 {main}
---
2022/09/14 18:12:05 [error] [exception.CDbException] CDbException: CDbConnection failed to open the DB connection: could not find driver in /opt/lampp/htdocs/yii/framework/db/CDbConnection.php:399
Stack trace:
#0 /opt/lampp/htdocs/yii/framework/db/CDbConnection.php(347): CDbConnection->open()
#1 /opt/lampp/htdocs/yii/framework/db/CDbConnection.php(325): CDbConnection->setActive()
#2 /opt/lampp/htdocs/yii/framework/base/CModule.php(394): CDbConnection->init()
#3 /opt/lampp/htdocs/yii/framework/cli/commands/MigrateCommand.php(472): CModule->getComponent()
#4 /opt/lampp/htdocs/yii/framework/cli/commands/MigrateCommand.php(481): MigrateCommand->getDbConnection()
#5 /opt/lampp/htdocs/yii/framework/cli/commands/MigrateCommand.php(512): MigrateCommand->getMigrationHistory()
#6 /opt/lampp/htdocs/yii/framework/cli/commands/MigrateCommand.php(84): MigrateCommand->getNewMigrations()
#7 [internal function]: MigrateCommand->actionUp()
#8 /opt/lampp/htdocs/yii/framework/console/CConsoleCommand.php(178): ReflectionMethod->invokeArgs()
#9 /opt/lampp/htdocs/yii/framework/console/CConsoleCommandRunner.php(71): CConsoleCommand->run()
#10 /opt/lampp/htdocs/yii/framework/console/CConsoleApplication.php(92): CConsoleCommandRunner->run()
#11 /opt/lampp/htdocs/yii/framework/base/CApplication.php(185): CConsoleApplication->processRequest()
#12 /opt/lampp/htdocs/yii/framework/yiic.php(33): CApplication->run()
#13 /opt/lampp/htdocs/yii/Products/protected/yiic.php(7): require_once('/opt/lampp/htdo...')
#14 /opt/lampp/htdocs/yii/Products/protected/yiic(4): require_once('/opt/lampp/htdo...')
#15 {main}
---
2022/09/14 18:16:41 [error] [exception.CDbException] CDbException: CDbConnection failed to open the DB connection: could not find driver in /opt/lampp/htdocs/yii/framework/db/CDbConnection.php:399
Stack trace:
#0 /opt/lampp/htdocs/yii/framework/db/CDbConnection.php(347): CDbConnection->open()
#1 /opt/lampp/htdocs/yii/framework/db/CDbConnection.php(325): CDbConnection->setActive()
#2 /opt/lampp/htdocs/yii/framework/base/CModule.php(394): CDbConnection->init()
#3 /opt/lampp/htdocs/yii/framework/cli/commands/MigrateCommand.php(472): CModule->getComponent()
#4 /opt/lampp/htdocs/yii/framework/cli/commands/MigrateCommand.php(481): MigrateCommand->getDbConnection()
#5 /opt/lampp/htdocs/yii/framework/cli/commands/MigrateCommand.php(512): MigrateCommand->getMigrationHistory()
#6 /opt/lampp/htdocs/yii/framework/cli/commands/MigrateCommand.php(84): MigrateCommand->getNewMigrations()
#7 [internal function]: MigrateCommand->actionUp()
#8 /opt/lampp/htdocs/yii/framework/console/CConsoleCommand.php(178): ReflectionMethod->invokeArgs()
#9 /opt/lampp/htdocs/yii/framework/console/CConsoleCommandRunner.php(71): CConsoleCommand->run()
#10 /opt/lampp/htdocs/yii/framework/console/CConsoleApplication.php(92): CConsoleCommandRunner->run()
#11 /opt/lampp/htdocs/yii/framework/base/CApplication.php(185): CConsoleApplication->processRequest()
#12 /opt/lampp/htdocs/yii/framework/yiic.php(33): CApplication->run()
#13 /opt/lampp/htdocs/yii/Products/protected/yiic.php(7): require_once('/opt/lampp/htdo...')
#14 /opt/lampp/htdocs/yii/Products/protected/yiic(4): require_once('/opt/lampp/htdo...')
#15 {main}
---
2022/09/14 18:21:04 [error] [exception.CDbException] CDbException: CDbConnection failed to open the DB connection: could not find driver in /opt/lampp/htdocs/yii/framework/db/CDbConnection.php:399
Stack trace:
#0 /opt/lampp/htdocs/yii/framework/db/CDbConnection.php(347): CDbConnection->open()
#1 /opt/lampp/htdocs/yii/framework/db/CDbConnection.php(325): CDbConnection->setActive()
#2 /opt/lampp/htdocs/yii/framework/base/CModule.php(394): CDbConnection->init()
#3 /opt/lampp/htdocs/yii/framework/cli/commands/MigrateCommand.php(472): CModule->getComponent()
#4 /opt/lampp/htdocs/yii/framework/cli/commands/MigrateCommand.php(481): MigrateCommand->getDbConnection()
#5 /opt/lampp/htdocs/yii/framework/cli/commands/MigrateCommand.php(512): MigrateCommand->getMigrationHistory()
#6 /opt/lampp/htdocs/yii/framework/cli/commands/MigrateCommand.php(84): MigrateCommand->getNewMigrations()
#7 [internal function]: MigrateCommand->actionUp()
#8 /opt/lampp/htdocs/yii/framework/console/CConsoleCommand.php(178): ReflectionMethod->invokeArgs()
#9 /opt/lampp/htdocs/yii/framework/console/CConsoleCommandRunner.php(71): CConsoleCommand->run()
#10 /opt/lampp/htdocs/yii/framework/console/CConsoleApplication.php(92): CConsoleCommandRunner->run()
#11 /opt/lampp/htdocs/yii/framework/base/CApplication.php(185): CConsoleApplication->processRequest()
#12 /opt/lampp/htdocs/yii/framework/yiic.php(33): CApplication->run()
#13 /opt/lampp/htdocs/yii/Products/protected/yiic.php(7): require_once('/opt/lampp/htdo...')
#14 /opt/lampp/htdocs/yii/Products/protected/yiic(4): require_once('/opt/lampp/htdo...')
#15 {main}
---
2022/09/14 18:30:01 [error] [exception.CDbException] CDbException: CDbConnection failed to open the DB connection: could not find driver in /opt/lampp/htdocs/yii/framework/db/CDbConnection.php:399
Stack trace:
#0 /opt/lampp/htdocs/yii/framework/db/CDbConnection.php(347): CDbConnection->open()
#1 /opt/lampp/htdocs/yii/framework/db/CDbConnection.php(325): CDbConnection->setActive()
#2 /opt/lampp/htdocs/yii/framework/base/CModule.php(394): CDbConnection->init()
#3 /opt/lampp/htdocs/yii/framework/cli/commands/MigrateCommand.php(472): CModule->getComponent()
#4 /opt/lampp/htdocs/yii/framework/cli/commands/MigrateCommand.php(481): MigrateCommand->getDbConnection()
#5 /opt/lampp/htdocs/yii/framework/cli/commands/MigrateCommand.php(512): MigrateCommand->getMigrationHistory()
#6 /opt/lampp/htdocs/yii/framework/cli/commands/MigrateCommand.php(84): MigrateCommand->getNewMigrations()
#7 [internal function]: MigrateCommand->actionUp()
#8 /opt/lampp/htdocs/yii/framework/console/CConsoleCommand.php(178): ReflectionMethod->invokeArgs()
#9 /opt/lampp/htdocs/yii/framework/console/CConsoleCommandRunner.php(71): CConsoleCommand->run()
#10 /opt/lampp/htdocs/yii/framework/console/CConsoleApplication.php(92): CConsoleCommandRunner->run()
#11 /opt/lampp/htdocs/yii/framework/base/CApplication.php(185): CConsoleApplication->processRequest()
#12 /opt/lampp/htdocs/yii/framework/yiic.php(33): CApplication->run()
#13 /opt/lampp/htdocs/yii/Products/protected/yiic.php(7): require_once('/opt/lampp/htdo...')
#14 /opt/lampp/htdocs/yii/Products/protected/yiic(4): require_once('/opt/lampp/htdo...')
#15 {main}
---
2022/09/14 18:31:24 [error] [exception.CDbException] CDbException: CDbConnection failed to open the DB connection: could not find driver in /opt/lampp/htdocs/yii/framework/db/CDbConnection.php:399
Stack trace:
#0 /opt/lampp/htdocs/yii/framework/db/CDbConnection.php(347): CDbConnection->open()
#1 /opt/lampp/htdocs/yii/framework/db/CDbConnection.php(325): CDbConnection->setActive()
#2 /opt/lampp/htdocs/yii/framework/base/CModule.php(394): CDbConnection->init()
#3 /opt/lampp/htdocs/yii/framework/cli/commands/MigrateCommand.php(472): CModule->getComponent()
#4 /opt/lampp/htdocs/yii/framework/cli/commands/MigrateCommand.php(481): MigrateCommand->getDbConnection()
#5 /opt/lampp/htdocs/yii/framework/cli/commands/MigrateCommand.php(512): MigrateCommand->getMigrationHistory()
#6 /opt/lampp/htdocs/yii/framework/cli/commands/MigrateCommand.php(84): MigrateCommand->getNewMigrations()
#7 [internal function]: MigrateCommand->actionUp()
#8 /opt/lampp/htdocs/yii/framework/console/CConsoleCommand.php(178): ReflectionMethod->invokeArgs()
#9 /opt/lampp/htdocs/yii/framework/console/CConsoleCommandRunner.php(71): CConsoleCommand->run()
#10 /opt/lampp/htdocs/yii/framework/console/CConsoleApplication.php(92): CConsoleCommandRunner->run()
#11 /opt/lampp/htdocs/yii/framework/base/CApplication.php(185): CConsoleApplication->processRequest()
#12 /opt/lampp/htdocs/yii/framework/yiic.php(33): CApplication->run()
#13 /opt/lampp/htdocs/yii/Products/protected/yiic.php(7): require_once('/opt/lampp/htdo...')
#14 /opt/lampp/htdocs/yii/Products/protected/yiic(4): require_once('/opt/lampp/htdo...')
#15 {main}
---
2022/09/14 18:31:53 [error] [exception.CDbException] CDbException: CDbConnection failed to open the DB connection: could not find driver in /opt/lampp/htdocs/yii/framework/db/CDbConnection.php:399
Stack trace:
#0 /opt/lampp/htdocs/yii/framework/db/CDbConnection.php(347): CDbConnection->open()
#1 /opt/lampp/htdocs/yii/framework/db/CDbConnection.php(325): CDbConnection->setActive()
#2 /opt/lampp/htdocs/yii/framework/base/CModule.php(394): CDbConnection->init()
#3 /opt/lampp/htdocs/yii/framework/cli/commands/MigrateCommand.php(472): CModule->getComponent()
#4 /opt/lampp/htdocs/yii/framework/cli/commands/MigrateCommand.php(481): MigrateCommand->getDbConnection()
#5 /opt/lampp/htdocs/yii/framework/cli/commands/MigrateCommand.php(512): MigrateCommand->getMigrationHistory()
#6 /opt/lampp/htdocs/yii/framework/cli/commands/MigrateCommand.php(84): MigrateCommand->getNewMigrations()
#7 [internal function]: MigrateCommand->actionUp()
#8 /opt/lampp/htdocs/yii/framework/console/CConsoleCommand.php(178): ReflectionMethod->invokeArgs()
#9 /opt/lampp/htdocs/yii/framework/console/CConsoleCommandRunner.php(71): CConsoleCommand->run()
#10 /opt/lampp/htdocs/yii/framework/console/CConsoleApplication.php(92): CConsoleCommandRunner->run()
#11 /opt/lampp/htdocs/yii/framework/base/CApplication.php(185): CConsoleApplication->processRequest()
#12 /opt/lampp/htdocs/yii/framework/yiic.php(33): CApplication->run()
#13 /opt/lampp/htdocs/yii/Products/protected/yiic.php(7): require_once('/opt/lampp/htdo...')
#14 /opt/lampp/htdocs/yii/Products/protected/yiic(4): require_once('/opt/lampp/htdo...')
#15 {main}
---
2022/09/14 18:35:19 [error] [exception.CDbException] CDbException: CDbConnection failed to open the DB connection: could not find driver in /opt/lampp/htdocs/yii/framework/db/CDbConnection.php:399
Stack trace:
#0 /opt/lampp/htdocs/yii/framework/db/CDbConnection.php(347): CDbConnection->open()
#1 /opt/lampp/htdocs/yii/framework/db/CDbConnection.php(325): CDbConnection->setActive()
#2 /opt/lampp/htdocs/yii/framework/base/CModule.php(394): CDbConnection->init()
#3 /opt/lampp/htdocs/yii/framework/cli/commands/MigrateCommand.php(472): CModule->getComponent()
#4 /opt/lampp/htdocs/yii/framework/cli/commands/MigrateCommand.php(481): MigrateCommand->getDbConnection()
#5 /opt/lampp/htdocs/yii/framework/cli/commands/MigrateCommand.php(512): MigrateCommand->getMigrationHistory()
#6 /opt/lampp/htdocs/yii/framework/cli/commands/MigrateCommand.php(84): MigrateCommand->getNewMigrations()
#7 [internal function]: MigrateCommand->actionUp()
#8 /opt/lampp/htdocs/yii/framework/console/CConsoleCommand.php(178): ReflectionMethod->invokeArgs()
#9 /opt/lampp/htdocs/yii/framework/console/CConsoleCommandRunner.php(71): CConsoleCommand->run()
#10 /opt/lampp/htdocs/yii/framework/console/CConsoleApplication.php(92): CConsoleCommandRunner->run()
#11 /opt/lampp/htdocs/yii/framework/base/CApplication.php(185): CConsoleApplication->processRequest()
#12 /opt/lampp/htdocs/yii/framework/yiic.php(33): CApplication->run()
#13 /opt/lampp/htdocs/yii/Products/protected/yiic.php(7): require_once('/opt/lampp/htdo...')
#14 /opt/lampp/htdocs/yii/Products/protected/yiic(4): require_once('/opt/lampp/htdo...')
#15 {main}
---
2022/09/14 18:37:09 [error] [exception.CDbException] CDbException: CDbConnection failed to open the DB connection: could not find driver in /opt/lampp/htdocs/yii/framework/db/CDbConnection.php:399
Stack trace:
#0 /opt/lampp/htdocs/yii/framework/db/CDbConnection.php(347): CDbConnection->open()
#1 /opt/lampp/htdocs/yii/framework/db/CDbConnection.php(325): CDbConnection->setActive()
#2 /opt/lampp/htdocs/yii/framework/base/CModule.php(394): CDbConnection->init()
#3 /opt/lampp/htdocs/yii/framework/cli/commands/MigrateCommand.php(472): CModule->getComponent()
#4 /opt/lampp/htdocs/yii/framework/cli/commands/MigrateCommand.php(481): MigrateCommand->getDbConnection()
#5 /opt/lampp/htdocs/yii/framework/cli/commands/MigrateCommand.php(512): MigrateCommand->getMigrationHistory()
#6 /opt/lampp/htdocs/yii/framework/cli/commands/MigrateCommand.php(84): MigrateCommand->getNewMigrations()
#7 [internal function]: MigrateCommand->actionUp()
#8 /opt/lampp/htdocs/yii/framework/console/CConsoleCommand.php(178): ReflectionMethod->invokeArgs()
#9 /opt/lampp/htdocs/yii/framework/console/CConsoleCommandRunner.php(71): CConsoleCommand->run()
#10 /opt/lampp/htdocs/yii/framework/console/CConsoleApplication.php(92): CConsoleCommandRunner->run()
#11 /opt/lampp/htdocs/yii/framework/base/CApplication.php(185): CConsoleApplication->processRequest()
#12 /opt/lampp/htdocs/yii/framework/yiic.php(33): CApplication->run()
#13 /opt/lampp/htdocs/yii/Products/protected/yiic.php(7): require_once('/opt/lampp/htdo...')
#14 /opt/lampp/htdocs/yii/Products/protected/yiic(4): require_once('/opt/lampp/htdo...')
#15 {main}
---
2022/09/14 18:38:01 [error] [exception.CDbException] CDbException: CDbConnection failed to open the DB connection: could not find driver in /opt/lampp/htdocs/yii/framework/db/CDbConnection.php:399
Stack trace:
#0 /opt/lampp/htdocs/yii/framework/db/CDbConnection.php(347): CDbConnection->open()
#1 /opt/lampp/htdocs/yii/framework/db/CDbConnection.php(325): CDbConnection->setActive()
#2 /opt/lampp/htdocs/yii/framework/base/CModule.php(394): CDbConnection->init()
#3 /opt/lampp/htdocs/yii/framework/cli/commands/MigrateCommand.php(472): CModule->getComponent()
#4 /opt/lampp/htdocs/yii/framework/cli/commands/MigrateCommand.php(481): MigrateCommand->getDbConnection()
#5 /opt/lampp/htdocs/yii/framework/cli/commands/MigrateCommand.php(512): MigrateCommand->getMigrationHistory()
#6 /opt/lampp/htdocs/yii/framework/cli/commands/MigrateCommand.php(84): MigrateCommand->getNewMigrations()
#7 [internal function]: MigrateCommand->actionUp()
#8 /opt/lampp/htdocs/yii/framework/console/CConsoleCommand.php(178): ReflectionMethod->invokeArgs()
#9 /opt/lampp/htdocs/yii/framework/console/CConsoleCommandRunner.php(71): CConsoleCommand->run()
#10 /opt/lampp/htdocs/yii/framework/console/CConsoleApplication.php(92): CConsoleCommandRunner->run()
#11 /opt/lampp/htdocs/yii/framework/base/CApplication.php(185): CConsoleApplication->processRequest()
#12 /opt/lampp/htdocs/yii/framework/yiic.php(33): CApplication->run()
#13 /opt/lampp/htdocs/yii/Products/protected/yiic.php(7): require_once('/opt/lampp/htdo...')
#14 /opt/lampp/htdocs/yii/Products/protected/yiic(4): require_once('/opt/lampp/htdo...')
#15 {main}
---
2022/09/14 18:44:05 [error] [exception.CDbException] CDbException: CDbConnection failed to open the DB connection: could not find driver in /opt/lampp/htdocs/yii/framework/db/CDbConnection.php:399
Stack trace:
#0 /opt/lampp/htdocs/yii/framework/db/CDbConnection.php(347): CDbConnection->open()
#1 /opt/lampp/htdocs/yii/framework/db/CDbConnection.php(325): CDbConnection->setActive()
#2 /opt/lampp/htdocs/yii/framework/base/CModule.php(394): CDbConnection->init()
#3 /opt/lampp/htdocs/yii/framework/cli/commands/MigrateCommand.php(472): CModule->getComponent()
#4 /opt/lampp/htdocs/yii/framework/cli/commands/MigrateCommand.php(481): MigrateCommand->getDbConnection()
#5 /opt/lampp/htdocs/yii/framework/cli/commands/MigrateCommand.php(512): MigrateCommand->getMigrationHistory()
#6 /opt/lampp/htdocs/yii/framework/cli/commands/MigrateCommand.php(84): MigrateCommand->getNewMigrations()
#7 [internal function]: MigrateCommand->actionUp()
#8 /opt/lampp/htdocs/yii/framework/console/CConsoleCommand.php(178): ReflectionMethod->invokeArgs()
#9 /opt/lampp/htdocs/yii/framework/console/CConsoleCommandRunner.php(71): CConsoleCommand->run()
#10 /opt/lampp/htdocs/yii/framework/console/CConsoleApplication.php(92): CConsoleCommandRunner->run()
#11 /opt/lampp/htdocs/yii/framework/base/CApplication.php(185): CConsoleApplication->processRequest()
#12 /opt/lampp/htdocs/yii/framework/yiic.php(33): CApplication->run()
#13 /opt/lampp/htdocs/yii/Products/protected/yiic.php(7): require_once('/opt/lampp/htdo...')
#14 /opt/lampp/htdocs/yii/Products/protected/yiic(4): require_once('/opt/lampp/htdo...')
#15 {main}
---
2022/09/14 18:56:03 [error] [exception.CDbException] CDbException: CDbConnection failed to open the DB connection: could not find driver in /opt/lampp/htdocs/yii/framework/db/CDbConnection.php:399
Stack trace:
#0 /opt/lampp/htdocs/yii/framework/db/CDbConnection.php(347): CDbConnection->open()
#1 /opt/lampp/htdocs/yii/framework/db/CDbConnection.php(325): CDbConnection->setActive()
#2 /opt/lampp/htdocs/yii/framework/base/CModule.php(394): CDbConnection->init()
#3 /opt/lampp/htdocs/yii/framework/cli/commands/MigrateCommand.php(472): CModule->getComponent()
#4 /opt/lampp/htdocs/yii/framework/cli/commands/MigrateCommand.php(481): MigrateCommand->getDbConnection()
#5 /opt/lampp/htdocs/yii/framework/cli/commands/MigrateCommand.php(512): MigrateCommand->getMigrationHistory()
#6 /opt/lampp/htdocs/yii/framework/cli/commands/MigrateCommand.php(84): MigrateCommand->getNewMigrations()
#7 [internal function]: MigrateCommand->actionUp()
#8 /opt/lampp/htdocs/yii/framework/console/CConsoleCommand.php(178): ReflectionMethod->invokeArgs()
#9 /opt/lampp/htdocs/yii/framework/console/CConsoleCommandRunner.php(71): CConsoleCommand->run()
#10 /opt/lampp/htdocs/yii/framework/console/CConsoleApplication.php(92): CConsoleCommandRunner->run()
#11 /opt/lampp/htdocs/yii/framework/base/CApplication.php(185): CConsoleApplication->processRequest()
#12 /opt/lampp/htdocs/yii/framework/yiic.php(33): CApplication->run()
#13 /opt/lampp/htdocs/yii/Products/protected/yiic.php(7): require_once('/opt/lampp/htdo...')
#14 /opt/lampp/htdocs/yii/Products/protected/yiic(4): require_once('/opt/lampp/htdo...')
#15 {main}
---
2022/09/14 18:59:26 [error] [exception.CDbException] CDbException: CDbConnection failed to open the DB connection: could not find driver in /opt/lampp/htdocs/yii/framework/db/CDbConnection.php:399
Stack trace:
#0 /opt/lampp/htdocs/yii/framework/db/CDbConnection.php(347): CDbConnection->open()
#1 /opt/lampp/htdocs/yii/framework/db/CDbConnection.php(325): CDbConnection->setActive()
#2 /opt/lampp/htdocs/yii/framework/base/CModule.php(394): CDbConnection->init()
#3 /opt/lampp/htdocs/yii/framework/cli/commands/MigrateCommand.php(472): CModule->getComponent()
#4 /opt/lampp/htdocs/yii/framework/cli/commands/MigrateCommand.php(481): MigrateCommand->getDbConnection()
#5 /opt/lampp/htdocs/yii/framework/cli/commands/MigrateCommand.php(512): MigrateCommand->getMigrationHistory()
#6 /opt/lampp/htdocs/yii/framework/cli/commands/MigrateCommand.php(84): MigrateCommand->getNewMigrations()
#7 [internal function]: MigrateCommand->actionUp()
#8 /opt/lampp/htdocs/yii/framework/console/CConsoleCommand.php(178): ReflectionMethod->invokeArgs()
#9 /opt/lampp/htdocs/yii/framework/console/CConsoleCommandRunner.php(71): CConsoleCommand->run()
#10 /opt/lampp/htdocs/yii/framework/console/CConsoleApplication.php(92): CConsoleCommandRunner->run()
#11 /opt/lampp/htdocs/yii/framework/base/CApplication.php(185): CConsoleApplication->processRequest()
#12 /opt/lampp/htdocs/yii/framework/yiic.php(33): CApplication->run()
#13 /opt/lampp/htdocs/yii/Products/protected/yiic.php(7): require_once('/opt/lampp/htdo...')
#14 /opt/lampp/htdocs/yii/Products/protected/yiic(4): require_once('/opt/lampp/htdo...')
#15 {main}
---
2022/09/14 19:05:34 [error] [exception.CDbException] CDbException: CDbConnection failed to open the DB connection: could not find driver in /opt/lampp/htdocs/yii/framework/db/CDbConnection.php:399
Stack trace:
#0 /opt/lampp/htdocs/yii/framework/db/CDbConnection.php(347): CDbConnection->open()
#1 /opt/lampp/htdocs/yii/framework/db/CDbConnection.php(325): CDbConnection->setActive()
#2 /opt/lampp/htdocs/yii/framework/base/CModule.php(394): CDbConnection->init()
#3 /opt/lampp/htdocs/yii/framework/cli/commands/MigrateCommand.php(472): CModule->getComponent()
#4 /opt/lampp/htdocs/yii/framework/cli/commands/MigrateCommand.php(481): MigrateCommand->getDbConnection()
#5 /opt/lampp/htdocs/yii/framework/cli/commands/MigrateCommand.php(512): MigrateCommand->getMigrationHistory()
#6 /opt/lampp/htdocs/yii/framework/cli/commands/MigrateCommand.php(84): MigrateCommand->getNewMigrations()
#7 [internal function]: MigrateCommand->actionUp()
#8 /opt/lampp/htdocs/yii/framework/console/CConsoleCommand.php(178): ReflectionMethod->invokeArgs()
#9 /opt/lampp/htdocs/yii/framework/console/CConsoleCommandRunner.php(71): CConsoleCommand->run()
#10 /opt/lampp/htdocs/yii/framework/console/CConsoleApplication.php(92): CConsoleCommandRunner->run()
#11 /opt/lampp/htdocs/yii/framework/base/CApplication.php(185): CConsoleApplication->processRequest()
#12 /opt/lampp/htdocs/yii/framework/yiic.php(33): CApplication->run()
#13 /opt/lampp/htdocs/yii/Products/protected/yiic.php(7): require_once('/opt/lampp/htdo...')
#14 /opt/lampp/htdocs/yii/Products/protected/yiic(4): require_once('/opt/lampp/htdo...')
#15 {main}
---
2022/09/14 19:10:24 [error] [exception.CDbException] CDbException: CDbConnection failed to open the DB connection: could not find driver in /opt/lampp/htdocs/yii/framework/db/CDbConnection.php:399
Stack trace:
#0 /opt/lampp/htdocs/yii/framework/db/CDbConnection.php(347): CDbConnection->open()
#1 /opt/lampp/htdocs/yii/framework/db/CDbConnection.php(325): CDbConnection->setActive()
#2 /opt/lampp/htdocs/yii/framework/base/CModule.php(394): CDbConnection->init()
#3 /opt/lampp/htdocs/yii/framework/cli/commands/MigrateCommand.php(472): CModule->getComponent()
#4 /opt/lampp/htdocs/yii/framework/cli/commands/MigrateCommand.php(481): MigrateCommand->getDbConnection()
#5 /opt/lampp/htdocs/yii/framework/cli/commands/MigrateCommand.php(512): MigrateCommand->getMigrationHistory()
#6 /opt/lampp/htdocs/yii/framework/cli/commands/MigrateCommand.php(84): MigrateCommand->getNewMigrations()
#7 [internal function]: MigrateCommand->actionUp()
#8 /opt/lampp/htdocs/yii/framework/console/CConsoleCommand.php(178): ReflectionMethod->invokeArgs()
#9 /opt/lampp/htdocs/yii/framework/console/CConsoleCommandRunner.php(71): CConsoleCommand->run()
#10 /opt/lampp/htdocs/yii/framework/console/CConsoleApplication.php(92): CConsoleCommandRunner->run()
#11 /opt/lampp/htdocs/yii/framework/base/CApplication.php(185): CConsoleApplication->processRequest()
#12 /opt/lampp/htdocs/yii/framework/yiic.php(33): CApplication->run()
#13 /opt/lampp/htdocs/yii/Products/protected/yiic.php(7): require_once('/opt/lampp/htdo...')
#14 /opt/lampp/htdocs/yii/Products/protected/yiic(4): require_once('/opt/lampp/htdo...')
#15 {main}
---
2022/09/14 19:13:42 [error] [exception.CDbException] CDbException: CDbConnection failed to open the DB connection: SQLSTATE[HY000] [1045] Access denied for user 'root'@'localhost' (using password: YES) in /opt/lampp/htdocs/yii/framework/db/CDbConnection.php:399
Stack trace:
#0 /opt/lampp/htdocs/yii/framework/db/CDbConnection.php(347): CDbConnection->open()
#1 /opt/lampp/htdocs/yii/framework/db/CDbConnection.php(325): CDbConnection->setActive()
#2 /opt/lampp/htdocs/yii/framework/base/CModule.php(394): CDbConnection->init()
#3 /opt/lampp/htdocs/yii/framework/cli/commands/MigrateCommand.php(472): CModule->getComponent()
#4 /opt/lampp/htdocs/yii/framework/cli/commands/MigrateCommand.php(481): MigrateCommand->getDbConnection()
#5 /opt/lampp/htdocs/yii/framework/cli/commands/MigrateCommand.php(512): MigrateCommand->getMigrationHistory()
#6 /opt/lampp/htdocs/yii/framework/cli/commands/MigrateCommand.php(84): MigrateCommand->getNewMigrations()
#7 [internal function]: MigrateCommand->actionUp()
#8 /opt/lampp/htdocs/yii/framework/console/CConsoleCommand.php(178): ReflectionMethod->invokeArgs()
#9 /opt/lampp/htdocs/yii/framework/console/CConsoleCommandRunner.php(71): CConsoleCommand->run()
#10 /opt/lampp/htdocs/yii/framework/console/CConsoleApplication.php(92): CConsoleCommandRunner->run()
#11 /opt/lampp/htdocs/yii/framework/base/CApplication.php(185): CConsoleApplication->processRequest()
#12 /opt/lampp/htdocs/yii/framework/yiic.php(33): CApplication->run()
#13 /opt/lampp/htdocs/yii/Products/protected/yiic.php(7): require_once('/opt/lampp/htdo...')
#14 /opt/lampp/htdocs/yii/Products/protected/yiic(4): require_once('/opt/lampp/htdo...')
#15 {main}
---
2022/09/14 19:14:08 [error] [exception.CDbException] CDbException: CDbConnection failed to open the DB connection: SQLSTATE[HY000] [1044] Access denied for user ''@'localhost' to database 'TestProduct' in /opt/lampp/htdocs/yii/framework/db/CDbConnection.php:399
Stack trace:
#0 /opt/lampp/htdocs/yii/framework/db/CDbConnection.php(347): CDbConnection->open()
#1 /opt/lampp/htdocs/yii/framework/db/CDbConnection.php(325): CDbConnection->setActive()
#2 /opt/lampp/htdocs/yii/framework/base/CModule.php(394): CDbConnection->init()
#3 /opt/lampp/htdocs/yii/framework/cli/commands/MigrateCommand.php(472): CModule->getComponent()
#4 /opt/lampp/htdocs/yii/framework/cli/commands/MigrateCommand.php(481): MigrateCommand->getDbConnection()
#5 /opt/lampp/htdocs/yii/framework/cli/commands/MigrateCommand.php(512): MigrateCommand->getMigrationHistory()
#6 /opt/lampp/htdocs/yii/framework/cli/commands/MigrateCommand.php(84): MigrateCommand->getNewMigrations()
#7 [internal function]: MigrateCommand->actionUp()
#8 /opt/lampp/htdocs/yii/framework/console/CConsoleCommand.php(178): ReflectionMethod->invokeArgs()
#9 /opt/lampp/htdocs/yii/framework/console/CConsoleCommandRunner.php(71): CConsoleCommand->run()
#10 /opt/lampp/htdocs/yii/framework/console/CConsoleApplication.php(92): CConsoleCommandRunner->run()
#11 /opt/lampp/htdocs/yii/framework/base/CApplication.php(185): CConsoleApplication->processRequest()
#12 /opt/lampp/htdocs/yii/framework/yiic.php(33): CApplication->run()
#13 /opt/lampp/htdocs/yii/Products/protected/yiic.php(7): require_once('/opt/lampp/htdo...')
#14 /opt/lampp/htdocs/yii/Products/protected/yiic(4): require_once('/opt/lampp/htdo...')
#15 {main}
---
2022/09/14 19:14:26 [error] [system.db.CDbCommand] CDbCommand::fetchAll() failed: SQLSTATE[42S02]: Base table or view not found: 1146 Table 'TestProduct.tbl_migration' doesn't exist. The SQL statement executed was: SHOW FULL COLUMNS FROM `tbl_migration`.
2022/09/14 19:14:33 [error] [exception.CException] CException: m220914_153449_product and its behaviors do not have a method or closure named "primaryKey". in /opt/lampp/htdocs/yii/framework/base/CComponent.php:266
Stack trace:
#0 /opt/lampp/htdocs/yii/Products/protected/migrations/m220914_153449_product.php(8): CComponent->__call()
#1 /opt/lampp/htdocs/yii/framework/cli/commands/MigrateCommand.php(415): m220914_153449_product->up()
#2 /opt/lampp/htdocs/yii/framework/cli/commands/MigrateCommand.php(109): MigrateCommand->migrateUp()
#3 [internal function]: MigrateCommand->actionUp()
#4 /opt/lampp/htdocs/yii/framework/console/CConsoleCommand.php(178): ReflectionMethod->invokeArgs()
#5 /opt/lampp/htdocs/yii/framework/console/CConsoleCommandRunner.php(71): CConsoleCommand->run()
#6 /opt/lampp/htdocs/yii/framework/console/CConsoleApplication.php(92): CConsoleCommandRunner->run()
#7 /opt/lampp/htdocs/yii/framework/base/CApplication.php(185): CConsoleApplication->processRequest()
#8 /opt/lampp/htdocs/yii/framework/yiic.php(33): CApplication->run()
#9 /opt/lampp/htdocs/yii/Products/protected/yiic.php(7): require_once('/opt/lampp/htdo...')
#10 /opt/lampp/htdocs/yii/Products/protected/yiic(4): require_once('/opt/lampp/htdo...')
#11 {main}
---
